Plugin v0.0.1 running on KiCad 9.0.1 and Python 3.11.5 (main, Jan 27 2025, 07:08:36) [MSC v.1942 64 bit (AMD64)] on win32.
Config file D:\KiCad\PROJECT_SIGMA\STATE ESTIMATION\POWER_DISTRIBUTION\POWER_DISTRIBUTION\POWER_DISTRIBUTION.projinst.json not found. Creating new one.
Valid Board found for D:\KiCad\PROJECT_SIGMA\STATE ESTIMATION\POWER_DISTRIBUTION\POWER_DISTRIBUTION\POWER_DISTRIBUTION.kicad_sch
10 sheet instances entries in D:\KiCad\PROJECT_SIGMA\STATE ESTIMATION\POWER_DISTRIBUTION\POWER_DISTRIBUTION\POWER_DISTRIBUTION.kicad_sch
D:\KiCad\PROJECT_SIGMA\STATE ESTIMATION\POWER_DISTRIBUTION\POWER_DISTRIBUTION\PDB_EXT_CONNECTORS.kicad_pcb doesn't exist
0 sheet instances entries in D:\KiCad\PROJECT_SIGMA\STATE ESTIMATION\POWER_DISTRIBUTION\POWER_DISTRIBUTION\PDB_EXT_CONNECTORS.kicad_sch
D:\KiCad\PROJECT_SIGMA\STATE ESTIMATION\POWER_DISTRIBUTION\POWER_DISTRIBUTION\PDB_CAN.kicad_pcb doesn't exist
0 sheet instances entries in D:\KiCad\PROJECT_SIGMA\STATE ESTIMATION\POWER_DISTRIBUTION\POWER_DISTRIBUTION\PDB_CAN.kicad_sch
D:\KiCad\PROJECT_SIGMA\STATE ESTIMATION\POWER_DISTRIBUTION\POWER_DISTRIBUTION\PDB_HIGH_SIDE_LOAD_SWITCHES.kicad_pcb doesn't exist
4 sheet instances entries in D:\KiCad\PROJECT_SIGMA\STATE ESTIMATION\POWER_DISTRIBUTION\POWER_DISTRIBUTION\PDB_HIGH_SIDE_LOAD_SWITCHES.kicad_sch
D:\KiCad\PROJECT_SIGMA\STATE ESTIMATION\POWER_DISTRIBUTION\POWER_DISTRIBUTION\PDB_HIGH_SIDE_LOAD_SWITCHES_12VDC_BUS.kicad_pcb doesn't exist
0 sheet instances entries in D:\KiCad\PROJECT_SIGMA\STATE ESTIMATION\POWER_DISTRIBUTION\POWER_DISTRIBUTION\PDB_HIGH_SIDE_LOAD_SWITCHES_12VDC_BUS.kicad_sch
D:\KiCad\PROJECT_SIGMA\STATE ESTIMATION\POWER_DISTRIBUTION\POWER_DISTRIBUTION\PDB_HIGH_SIDE_LOAD_SWITCHES_DCDC.kicad_pcb doesn't exist
0 sheet instances entries in D:\KiCad\PROJECT_SIGMA\STATE ESTIMATION\POWER_DISTRIBUTION\POWER_DISTRIBUTION\PDB_HIGH_SIDE_LOAD_SWITCHES_DCDC.kicad_sch
D:\KiCad\PROJECT_SIGMA\STATE ESTIMATION\POWER_DISTRIBUTION\POWER_DISTRIBUTION\PDB_HIGH_SIDE_LOAD_SWITCH_MOTORS.kicad_pcb doesn't exist
0 sheet instances entries in D:\KiCad\PROJECT_SIGMA\STATE ESTIMATION\POWER_DISTRIBUTION\POWER_DISTRIBUTION\PDB_HIGH_SIDE_LOAD_SWITCH_MOTORS.kicad_sch
D:\KiCad\PROJECT_SIGMA\STATE ESTIMATION\POWER_DISTRIBUTION\POWER_DISTRIBUTION\untitled.kicad_pcb doesn't exist
0 sheet instances entries in D:\KiCad\PROJECT_SIGMA\STATE ESTIMATION\POWER_DISTRIBUTION\POWER_DISTRIBUTION\untitled.kicad_sch
D:\KiCad\PROJECT_SIGMA\STATE ESTIMATION\POWER_DISTRIBUTION\POWER_DISTRIBUTION\PDB_BALANCER.kicad_pcb doesn't exist
0 sheet instances entries in D:\KiCad\PROJECT_SIGMA\STATE ESTIMATION\POWER_DISTRIBUTION\POWER_DISTRIBUTION\PDB_BALANCER.kicad_sch
D:\KiCad\PROJECT_SIGMA\STATE ESTIMATION\POWER_DISTRIBUTION\POWER_DISTRIBUTION\PDB_SOLAR_CHARGER.kicad_pcb doesn't exist
0 sheet instances entries in D:\KiCad\PROJECT_SIGMA\STATE ESTIMATION\POWER_DISTRIBUTION\POWER_DISTRIBUTION\PDB_SOLAR_CHARGER.kicad_sch
D:\KiCad\PROJECT_SIGMA\STATE ESTIMATION\POWER_DISTRIBUTION\POWER_DISTRIBUTION\PDB_LOW_SIDE_LOAD_SWITCHES.kicad_pcb doesn't exist
0 sheet instances entries in D:\KiCad\PROJECT_SIGMA\STATE ESTIMATION\POWER_DISTRIBUTION\POWER_DISTRIBUTION\PDB_LOW_SIDE_LOAD_SWITCHES.kicad_sch
D:\KiCad\PROJECT_SIGMA\STATE ESTIMATION\POWER_DISTRIBUTION\POWER_DISTRIBUTION\PDB_POWER_ELECTRONICS.kicad_pcb doesn't exist
0 sheet instances entries in D:\KiCad\PROJECT_SIGMA\STATE ESTIMATION\POWER_DISTRIBUTION\POWER_DISTRIBUTION\PDB_POWER_ELECTRONICS.kicad_sch
D:\KiCad\PROJECT_SIGMA\STATE ESTIMATION\POWER_DISTRIBUTION\POWER_DISTRIBUTION\PDB_LOW_SIDE_FETS.kicad_pcb doesn't exist
0 sheet instances entries in D:\KiCad\PROJECT_SIGMA\STATE ESTIMATION\POWER_DISTRIBUTION\POWER_DISTRIBUTION\PDB_LOW_SIDE_FETS.kicad_sch
D:\KiCad\PROJECT_SIGMA\STATE ESTIMATION\POWER_DISTRIBUTION\POWER_DISTRIBUTION\PDB_MCU.kicad_pcb doesn't exist
0 sheet instances entries in D:\KiCad\PROJECT_SIGMA\STATE ESTIMATION\POWER_DISTRIBUTION\POWER_DISTRIBUTION\PDB_MCU.kicad_sch
D:\KiCad\PROJECT_SIGMA\STATE ESTIMATION\POWER_DISTRIBUTION\POWER_DISTRIBUTION\PDB_CURRENT_SENSE.kicad_pcb doesn't exist
0 sheet instances entries in D:\KiCad\PROJECT_SIGMA\STATE ESTIMATION\POWER_DISTRIBUTION\POWER_DISTRIBUTION\PDB_CURRENT_SENSE.kicad_sch
Root item: <wx._dataview.TreeListItem object at 0x00000222B5629510>
No Valid Child board for 316187ca-bf3a-4edc-a900-ecce8085cb24
No Valid Child board for 36f0f1ad-ee5c-4012-9c95-e0d66d35d8be
No Valid Child board for 51fb4d4a-d764-4119-9909-40ed32716db1
No Valid Child board for 6d85cc70-764f-4e4d-bbf4-a1c4528252b5
No Valid Child board for 87698664-a4ad-419c-b350-066b57b79477
No Valid Child board for dd7f58eb-d795-4060-b32b-35739142cea7
No Valid Child board for 522ae8e6-26c0-4862-a3fa-caa11278175e
No Valid Child board for 78bf5d59-1417-4f7a-872a-7a80efec577b
No Valid Child board for 7d08c342-f8da-4a0b-8374-c67a6fa2b6f2
No Valid Child board for 84d74946-072c-4974-b7af-f28493982b5e
No Valid Child board for a089f64b-50c3-4896-b024-893c4c2504f1
No Valid Child board for c5a8c6aa-ec34-4531-9e56-fb3225146810
No Valid Child board for e2ee2330-f78c-4b6a-845b-a84945455afd
No Valid Child board for e6f424a5-ab40-42ae-91f2-8549f26810e7
No Valid Child board for 
Instance is a dead branch: 
